<?xml version="1.0" encoding="UTF-8"?>
<!-- Generated by org.testng.reporters.JUnitReportReporter -->
<testsuite hostname="DESKTOP-14DTQF0" name="testLayer.HomeTest" tests="4" failures="0" timestamp="14 Dec 2019 21:10:08 GMT" time="0.290" errors="0">
  <testcase name="usernameTest" time="0.032" classname="testLayer.HomeTest"/>
  <testcase name="CRMTitleTest" time="0.005" classname="testLayer.HomeTest"/>
  <testcase name="Contactspagetest" time="0.105" classname="testLayer.HomeTest"/>
  <testcase name="Postspagetest" time="0.148" classname="testLayer.HomeTest"/>
</testsuite> <!-- testLayer.HomeTest -->
